<?xml version="1.0" encoding="utf-8"?><testsuites name="pytest tests"><testsuite name="pytest" errors="0" failures="0" skipped="0" tests="23" time="8.412" timestamp="2026-09-20T19:52:23.706188+00:00" hostname="agent-env-a0decbe8-dc3b-4338-add7-41bf27df7981"><testcase classname="tests.backend_test" name="test_owner_login" time="0.705" /><testcase classname="tests.backend_test" name="test_emp_login" time="0.509" /><testcase classname="tests.backend_test" name="test_invalid_login" time="0.383" /><testcase classname="tests.backend_test" name="test_owner_dashboard" time="0.164" /><testcase classname="tests.backend_test" name="test_employee_dashboard" time="0.144" /><testcase classname="tests.backend_test" name="test_list_employees" time="0.133" /><testcase classname="tests.backend_test" name="test_employee_crud" time="1.016" /><testcase classname="tests.backend_test" name="test_csv_template_download" time="0.305" /><testcase classname="tests.backend_test" name="test_csv_export" time="0.148" /><testcase classname="tests.backend_test" name="test_csv_import" time="0.350" /><testcase classname="tests.backend_test" name="test_mark_attendance" time="0.319" /><testcase classname="tests.backend_test" name="test_get_attendance_month" time="0.134" /><testcase classname="tests.backend_test" name="test_employee_punch" time="0.151" /><testcase classname="tests.backend_test" name="test_employee_punch_outside" time="0.151" /><testcase classname="tests.backend_test" name="test_shift_crud" time="0.438" /><testcase classname="tests.backend_test" name="test_rule_set_crud" time="0.322" /><testcase classname="tests.backend_test" name="test_geofence_crud" time="0.323" /><testcase classname="tests.backend_test" name="test_apply_and_approve_leave" time="0.422" /><testcase classname="tests.backend_test" name="test_run_payroll_and_pdf" time="0.604" /><testcase classname="tests.backend_test" name="test_advance_and_adjustment" time="0.383" /><testcase classname="tests.backend_test" name="test_employee_cannot_access_owner_endpoints" time="0.294" /><testcase classname="tests.backend_test" name="test_employee_payslip_isolation" time="0.299" /><testcase classname="tests.backend_test" name="test_unauthenticated" time="0.131" /></testsuite></testsuites>